{
  "0 debug pnpm:scope": {
    "selected": 1
  },
  "1 error pnpm": {
    "errno": 1,
    "code": "ELIFECYCLE",
    "pkgid": "Uihub@0.1.0",
    "stage": "dev",
    "script": "vue-cli-service serve",
    "pkgname": "Uihub",
    "err": {
      "name": "pnpm",
      "message": "Uihub@0.1.0 dev: `vue-cli-service serve`\nExit status 1",
      "code": "ELIFECYCLE",
      "stack": "pnpm: Uihub@0.1.0 dev: `vue-cli-service serve`\nExit status 1\n    at EventEmitter.<anonymous> (C:\\Users\\17829\\AppData\\Roaming\\nvm\\v16.13.0\\node_modules\\pnpm\\dist\\pnpm.cjs:106893:20)\n    at EventEmitter.emit (node:events:390:28)\n    at ChildProcess.<anonymous> (C:\\Users\\17829\\AppData\\Roaming\\nvm\\v16.13.0\\node_modules\\pnpm\\dist\\pnpm.cjs:93462:18)\n    at ChildProcess.emit (node:events:390:28)\n    at maybeClose (node:internal/child_process:1064:16)\n    at Process.ChildProcess._handle.onexit (node:internal/child_process:301:5)"
    }
  },
  "2 warn pnpm:global": " Local package.json exists, but node_modules missing, did you mean to install?"
}